<?xml version="1.0" encoding="UTF-8"?>
<testng-results ignored="0" total="1" passed="1" failed="0" skipped="0">
  <reporter-output>
  </reporter-output>
  <suite started-at="2019-11-11T09:21:56Z" name="Default suite" finished-at="2019-11-11T09:22:35Z" duration-ms="38630">
    <groups>
    </groups>
    <test started-at="2019-11-11T09:21:56Z" name="Default test" finished-at="2019-11-11T09:22:35Z" duration-ms="38630">
      <class name="com.cse.qa.Microsoft_Team">
        <test-method signature="Modern()[pri:1, instance:com.cse.qa.Microsoft_Team@1a0dcaa]" started-at="2019-11-11T09:21:56Z" name="Modern" finished-at="2019-11-11T09:22:35Z" duration-ms="38585" status="PASS">
          <reporter-output>
          </reporter-output>
        </test-method> <!-- Modern -->
      </class> <!-- com.cse.qa.Microsoft_Team -->
    </test> <!-- Default test -->
  </suite> <!-- Default suite -->
</testng-results>
