<?xml version="1.0" encoding="UTF-8"?>
<testng-results ignored="0" total="1" passed="1" failed="0" skipped="0">
  <reporter-output>
  </reporter-output>
  <suite started-at="2024-03-12T16:02:55 IST" name="Default suite" finished-at="2024-03-12T16:03:15 IST" duration-ms="20256">
    <groups>
    </groups>
    <test started-at="2024-03-12T16:02:55 IST" name="Default test" finished-at="2024-03-12T16:03:15 IST" duration-ms="20256">
      <class name="com.truevalue.hyperlocal.DetailPageBookDrive">
        <test-method signature="Class()[pri:0, instance:com.truevalue.hyperlocal.DetailPageBookDrive@2145b572]" started-at="2024-03-12T16:02:55 IST" name="Class" finished-at="2024-03-12T16:03:15 IST" duration-ms="20215" status="PASS">
          <reporter-output>
          </reporter-output>
        </test-method> <!-- Class -->
      </class> <!-- com.truevalue.hyperlocal.DetailPageBookDrive -->
    </test> <!-- Default test -->
  </suite> <!-- Default suite -->
</testng-results>
